2026-02-15 18:10:21,058 - INFO - ============================================================
2026-02-15 18:10:21,059 - INFO - 
2026-02-15 18:10:21,059 - INFO -    SERVIDOR INICIADO EN 127.0.0.1:5000
2026-02-15 18:10:21,059 - INFO - 
2026-02-15 18:10:21,059 - INFO - ============================================================
2026-02-15 18:10:21,059 - INFO - [OK] Clave compartida cargada correctamente
2026-02-15 18:10:21,059 - INFO - [OK] Base de datos inicializada
2026-02-15 18:10:21,059 - INFO - [*] Esperando conexiones de clientes...

2026-02-15 18:10:46,798 - INFO - 
[WARNING] Servidor interrumpido por el usuario
2026-02-15 18:10:46,798 - INFO - [STOP] Deteniendo servidor...
2026-02-15 18:10:46,798 - INFO - [OK] Servidor detenido
2026-02-15 18:11:40,456 - INFO - ============================================================
2026-02-15 18:11:40,457 - INFO - 
2026-02-15 18:11:40,457 - INFO -    SERVIDOR INICIADO EN 127.0.0.1:5000
2026-02-15 18:11:40,457 - INFO - 
2026-02-15 18:11:40,457 - INFO - ============================================================
2026-02-15 18:11:40,457 - INFO - [OK] Clave compartida cargada correctamente
2026-02-15 18:11:40,457 - INFO - [OK] Base de datos inicializada
2026-02-15 18:11:40,457 - INFO - [*] Esperando conexiones de clientes...

2026-02-15 18:20:51,035 - INFO - ============================================================
2026-02-15 18:20:51,035 - INFO - 
2026-02-15 18:20:51,036 - INFO -    SERVIDOR INICIADO EN 127.0.0.1:5000
2026-02-15 18:20:51,036 - INFO - 
2026-02-15 18:20:51,036 - INFO - ============================================================
2026-02-15 18:20:51,036 - INFO - [OK] Clave compartida cargada correctamente
2026-02-15 18:20:51,036 - INFO - [OK] Base de datos inicializada
2026-02-15 18:20:51,036 - INFO - [*] Esperando conexiones de clientes...

2026-02-15 18:21:22,818 - INFO -  Nueva conexiÛn desde ('127.0.0.1', 51209)
2026-02-15 18:21:35,580 - INFO - [OK] ('127.0.0.1', 51209) - Mensaje v·lido: registro
2026-02-15 18:34:10,292 - INFO - ============================================================
2026-02-15 18:34:10,292 - INFO - 
2026-02-15 18:34:10,292 - INFO -    SERVIDOR INICIADO EN 127.0.0.1:5000
2026-02-15 18:34:10,292 - INFO - 
2026-02-15 18:34:10,292 - INFO - ============================================================
2026-02-15 18:34:10,292 - INFO - [OK] Clave compartida cargada correctamente
2026-02-15 18:34:10,293 - INFO - [OK] Base de datos inicializada
2026-02-15 18:34:10,293 - INFO - [*] Esperando conexiones de clientes...

2026-02-15 18:34:17,010 - INFO -  Nueva conexi√≥n desde ('127.0.0.1', 65205)
2026-02-15 18:34:26,591 - INFO - ‚úÖ Mensaje completamente validado (MAC + NONCE)
2026-02-15 18:34:26,591 - INFO - [OK] ('127.0.0.1', 65205) - Mensaje v√°lido: login
2026-02-15 18:34:26,664 - INFO - ‚úÖ Login exitoso: usuario1
2026-02-15 18:34:26,665 - INFO -  ('127.0.0.1', 65205) - Conexi√≥n cerrada
2026-02-15 18:44:38,137 - INFO - ============================================================
2026-02-15 18:44:38,137 - INFO - 
2026-02-15 18:44:38,137 - INFO -    SERVIDOR INICIADO EN 127.0.0.1:5000
2026-02-15 18:44:38,137 - INFO - 
2026-02-15 18:44:38,138 - INFO - ============================================================
2026-02-15 18:44:38,138 - INFO - [OK] Clave compartida cargada correctamente
2026-02-15 18:44:38,138 - INFO - [OK] Base de datos inicializada
2026-02-15 18:44:38,138 - INFO - [*] Esperando conexiones de clientes...
2026-02-15 18:44:38,138 - INFO - [*] Presiona Ctrl+C para detener

2026-02-15 18:44:41,170 - INFO - [*] Se√±al de interrupcion recibida
2026-02-15 18:44:41,170 - INFO - [STOP] Deteniendo servidor...
2026-02-15 18:44:41,170 - INFO - [OK] Servidor detenido correctamente
2026-02-15 18:45:01,470 - INFO - ============================================================
2026-02-15 18:45:01,470 - INFO - 
2026-02-15 18:45:01,470 - INFO -    SERVIDOR INICIADO EN 127.0.0.1:5000
2026-02-15 18:45:01,470 - INFO - 
2026-02-15 18:45:01,470 - INFO - ============================================================
2026-02-15 18:45:01,470 - INFO - [OK] Clave compartida cargada correctamente
2026-02-15 18:45:01,471 - INFO - [OK] Base de datos inicializada
2026-02-15 18:45:01,471 - INFO - [*] Esperando conexiones de clientes...
2026-02-15 18:45:01,471 - INFO - [*] Presiona Ctrl+C para detener

2026-02-15 18:45:06,756 - INFO - [IN] Nueva conexion desde ('127.0.0.1', 57152)
2026-02-15 18:45:12,546 - INFO - ‚úÖ Mensaje completamente validado (MAC + NONCE)
2026-02-15 18:45:12,546 - INFO - [OK] ('127.0.0.1', 57152) - Mensaje valido: login
2026-02-15 18:45:12,595 - INFO - [OK] Login exitoso: usuario1
2026-02-15 18:45:12,596 - INFO - [CLOSE] ('127.0.0.1', 57152) - Conexion cerrada
2026-02-15 19:03:55,881 - INFO - ============================================================
2026-02-15 19:03:55,882 - INFO - 
2026-02-15 19:03:55,882 - INFO -    SERVIDOR INICIADO EN 127.0.0.1:5000
2026-02-15 19:03:55,882 - INFO - 
2026-02-15 19:03:55,882 - INFO - ============================================================
2026-02-15 19:03:55,882 - INFO - [OK] Clave compartida cargada correctamente
2026-02-15 19:03:55,882 - INFO - [OK] Base de datos inicializada
2026-02-15 19:03:55,882 - INFO - [OK] Modo: UNA PETICION POR CONEXION
2026-02-15 19:03:55,882 - INFO - [*] Esperando conexiones de clientes...
2026-02-15 19:03:55,883 - INFO - [*] Presiona Ctrl+C para detener

2026-02-15 19:04:13,923 - INFO - [IN] Conexion #1 desde ('127.0.0.1', 57884)
2026-02-15 19:04:13,930 - INFO - [OK] Mensaje completamente validado (MAC + NONCE)
2026-02-15 19:04:13,930 - INFO - [OK] #1 - Tipo: login
2026-02-15 19:04:13,985 - INFO - [OK] Login exitoso: usuario1
2026-02-15 19:04:48,532 - INFO - [IN] Conexion #2 desde ('127.0.0.1', 57902)
2026-02-15 19:04:48,538 - INFO - [OK] Mensaje completamente validado (MAC + NONCE)
2026-02-15 19:04:48,538 - INFO - [OK] #2 - Tipo: transaccion
2026-02-15 19:04:48,544 - INFO - [OK] Transacci√≥n registrada (ID: 1): usuario1 ‚Üí 20.00 EUR (1111111111 ‚Üí 2222222222)
2026-02-15 19:05:49,413 - INFO - [IN] Conexion #3 desde ('127.0.0.1', 57926)
2026-02-15 19:05:49,422 - INFO - [OK] Mensaje completamente validado (MAC + NONCE)
2026-02-15 19:05:49,422 - INFO - [OK] #3 - Tipo: login
2026-02-15 19:05:49,471 - INFO - [OK] Login exitoso: usuario1
2026-02-15 19:09:13,911 - INFO - [*] Se√±al de interrupcion recibida
2026-02-15 19:09:13,911 - INFO - [STOP] Deteniendo servidor...
2026-02-15 19:09:13,911 - INFO - [OK] Servidor detenido correctamente
2026-02-15 19:10:51,375 - INFO - ============================================================
2026-02-15 19:10:51,376 - INFO - 
2026-02-15 19:10:51,376 - INFO -    SERVIDOR INICIADO EN 127.0.0.1:5000
2026-02-15 19:10:51,376 - INFO - 
2026-02-15 19:10:51,376 - INFO - ============================================================
2026-02-15 19:10:51,376 - INFO - [OK] Clave compartida cargada correctamente
2026-02-15 19:10:51,376 - INFO - [OK] Base de datos inicializada
2026-02-15 19:10:51,376 - INFO - [OK] Modo: UNA PETICION POR CONEXION
2026-02-15 19:10:51,376 - INFO - [*] Esperando conexiones de clientes...
2026-02-15 19:10:51,376 - INFO - [*] Presiona Ctrl+C para detener

2026-02-15 19:11:08,371 - INFO - [IN] Conexion #1 desde ('127.0.0.1', 56440)
2026-02-15 19:11:08,378 - INFO - [OK] Mensaje completamente validado (MAC + NONCE)
2026-02-15 19:11:08,378 - INFO - [OK] #1 - Tipo: login
2026-02-15 19:11:08,426 - INFO - [OK] Login exitoso: usuario1
2026-02-21 12:59:49,179 - INFO - ============================================================
2026-02-21 12:59:49,179 - INFO - 
2026-02-21 12:59:49,179 - INFO -    SERVIDOR INICIADO EN 127.0.0.1:5000
2026-02-21 12:59:49,179 - INFO - 
2026-02-21 12:59:49,179 - INFO - ============================================================
2026-02-21 12:59:49,179 - INFO - [OK] Clave compartida cargada correctamente
2026-02-21 12:59:49,179 - INFO - [OK] Base de datos inicializada
2026-02-21 12:59:49,179 - INFO - [OK] Modo: UNA PETICION POR CONEXION
2026-02-21 12:59:49,180 - INFO - [*] Esperando conexiones de clientes...
2026-02-21 12:59:49,180 - INFO - [*] Presiona Ctrl+C para detener

2026-02-21 13:00:05,099 - INFO - [IN] Conexion #1 desde ('127.0.0.1', 60490)
2026-02-21 13:00:05,100 - INFO - [IN] Conexion #1 desde ('127.0.0.1', 60490)
2026-02-21 13:00:05,111 - INFO - [OK] Mensaje completamente validado (MAC + NONCE)
2026-02-21 13:00:05,111 - INFO - [OK] #1 - Tipo: login
2026-02-21 13:00:05,156 - INFO - [OK] Login exitoso: usuario1
2026-02-21 13:00:33,149 - INFO - [IN] Conexion #2 desde ('127.0.0.1', 60504)
2026-02-21 13:00:33,150 - INFO - [IN] Conexion #2 desde ('127.0.0.1', 60504)
2026-02-21 13:00:33,158 - INFO - [OK] Mensaje completamente validado (MAC + NONCE)
2026-02-21 13:00:33,158 - INFO - [OK] #2 - Tipo: transaccion
2026-02-21 13:00:33,166 - INFO - [OK] Transacci√≥n registrada (ID: 27): usuario1 ‚Üí 20.00 EUR (ES23353253252 ‚Üí ES33544554545)
2026-02-21 13:00:42,195 - INFO - [*] Se√±al de interrupcion recibida
2026-02-21 13:00:42,195 - INFO - [STOP] Deteniendo servidor...
2026-02-21 13:00:42,195 - INFO - [OK] Servidor detenido correctamente
2026-02-21 13:18:16,400 - INFO - ============================================================
2026-02-21 13:18:16,400 - INFO - 
2026-02-21 13:18:16,400 - INFO -    SERVIDOR INICIADO EN 127.0.0.1:5000
2026-02-21 13:18:16,400 - INFO - 
2026-02-21 13:18:16,400 - INFO - ============================================================
2026-02-21 13:18:16,400 - INFO - [OK] Clave compartida cargada correctamente
2026-02-21 13:18:16,401 - INFO - [OK] Base de datos inicializada
2026-02-21 13:18:16,401 - INFO - [OK] Modo: UNA PETICION POR CONEXION
2026-02-21 13:18:16,401 - INFO - [*] Esperando conexiones de clientes...
2026-02-21 13:18:16,401 - INFO - [*] Presiona Ctrl+C para detener

2026-02-21 13:19:06,742 - INFO - [IN] Conexion #1 desde ('127.0.0.1', 60787)
2026-02-21 13:19:06,742 - INFO - [IN] Conexion #1 desde ('127.0.0.1', 60787)
2026-02-21 13:19:06,749 - INFO - [OK] Mensaje completamente validado (MAC + NONCE)
2026-02-21 13:19:06,749 - INFO - [OK] #1 - Tipo: registro
2026-02-21 13:20:03,138 - INFO - [*] Se√±al de interrupcion recibida
2026-02-21 13:20:03,139 - INFO - [STOP] Deteniendo servidor...
2026-02-21 13:20:03,139 - INFO - [OK] Servidor detenido correctamente
2026-02-21 13:27:51,555 - INFO - ============================================================
2026-02-21 13:27:51,555 - INFO - 
2026-02-21 13:27:51,555 - INFO -    SERVIDOR INICIADO EN 127.0.0.1:5000
2026-02-21 13:27:51,555 - INFO - 
2026-02-21 13:27:51,555 - INFO - ============================================================
2026-02-21 13:27:51,555 - INFO - [OK] Clave compartida cargada correctamente
2026-02-21 13:27:51,556 - INFO - [OK] Base de datos inicializada
2026-02-21 13:27:51,556 - INFO - [OK] Modo: UNA PETICION POR CONEXION
2026-02-21 13:27:51,556 - INFO - [*] Esperando conexiones de clientes...
2026-02-21 13:27:51,556 - INFO - [*] Presiona Ctrl+C para detener

2026-02-21 13:28:21,832 - INFO - [IN] Conexion #1 desde ('127.0.0.1', 51471)
2026-02-21 13:28:21,832 - INFO - [IN] Conexion #1 desde ('127.0.0.1', 51471)
2026-02-21 13:28:21,841 - INFO - [OK] Mensaje completamente validado (MAC + NONCE)
2026-02-21 13:28:21,841 - INFO - [OK] #1 - Tipo: registro
2026-02-21 13:29:16,624 - INFO - [IN] Conexion #2 desde ('127.0.0.1', 64410)
2026-02-21 13:29:16,624 - INFO - [IN] Conexion #2 desde ('127.0.0.1', 64410)
2026-02-21 13:29:16,640 - INFO - [OK] Mensaje completamente validado (MAC + NONCE)
2026-02-21 13:29:16,641 - INFO - [OK] #2 - Tipo: registro
2026-02-21 13:30:09,706 - INFO - [IN] Conexion #3 desde ('127.0.0.1', 64431)
2026-02-21 13:30:09,707 - INFO - [IN] Conexion #3 desde ('127.0.0.1', 64431)
2026-02-21 13:30:09,718 - INFO - [OK] Mensaje completamente validado (MAC + NONCE)
2026-02-21 13:30:09,718 - INFO - [OK] #3 - Tipo: registro
2026-02-21 13:33:08,965 - INFO - [*] Se√±al de interrupcion recibida
2026-02-21 13:33:08,966 - INFO - [STOP] Deteniendo servidor...
2026-02-21 13:33:08,966 - INFO - [OK] Servidor detenido correctamente
2026-02-21 13:37:08,860 - INFO - ============================================================
2026-02-21 13:37:08,860 - INFO - 
2026-02-21 13:37:08,860 - INFO -    SERVIDOR INICIADO EN 127.0.0.1:5000
2026-02-21 13:37:08,860 - INFO - 
2026-02-21 13:37:08,860 - INFO - ============================================================
2026-02-21 13:37:08,860 - INFO - [OK] Clave compartida cargada correctamente
2026-02-21 13:37:08,860 - INFO - [OK] Base de datos inicializada
2026-02-21 13:37:08,861 - INFO - [OK] Modo: UNA PETICION POR CONEXION
2026-02-21 13:37:08,861 - INFO - [*] Esperando conexiones de clientes...
2026-02-21 13:37:08,861 - INFO - [*] Presiona Ctrl+C para detener

2026-02-21 13:37:42,951 - INFO - [IN] Conexion #1 desde ('127.0.0.1', 55149)
2026-02-21 13:37:42,951 - INFO - [IN] Conexion #1 desde ('127.0.0.1', 55149)
2026-02-21 13:37:42,991 - INFO - [OK] Mensaje completamente validado (MAC + NONCE)
2026-02-21 13:37:42,991 - INFO - [OK] #1 - Tipo: registro
2026-02-21 13:38:15,835 - INFO - [IN] Conexion #2 desde ('127.0.0.1', 52959)
2026-02-21 13:38:15,835 - INFO - [IN] Conexion #2 desde ('127.0.0.1', 52959)
2026-02-21 13:38:15,848 - INFO - [OK] Mensaje completamente validado (MAC + NONCE)
2026-02-21 13:38:15,848 - INFO - [OK] #2 - Tipo: registro
2026-02-21 13:39:31,327 - INFO - [*] Se√±al de interrupcion recibida
2026-02-21 13:39:31,328 - INFO - [STOP] Deteniendo servidor...
2026-02-21 13:39:31,328 - INFO - [OK] Servidor detenido correctamente
